2024-11-02 19:00:26 [scrapy.utils.log] INFO: Scrapy 2.11.2 started (bot: baseballhats)
2024-11-02 19:00:26 [scrapy.utils.log] INFO: Versions: lxml 5.3.0.0, libxml2 2.11.7, cssselect 1.2.0, parsel 1.9.1, w3lib 2.2.1, Twisted 24.10.0, Python 3.12.5 (tags/v3.12.5:ff3bc82, Aug  6 2024, 20:45:27) [MSC v.1940 64 bit (AMD64)], pyOpenSSL 24.2.1 (OpenSSL 3.3.2 3 Sep 2024), cryptography 43.0.1, Platform Windows-11-10.0.22631-SP0
2024-11-02 19:00:26 [scrapy.addons] INFO: Enabled addons:
[]
2024-11-02 19:00:27 [scrapy.extensions.telnet] INFO: Telnet Password: 9e589dc2d6f5c0e0
2024-11-02 19:00:27 [scrapy.middleware] INFO: Enabled extensions:
['scrapy.extensions.corestats.CoreStats',
 'scrapy.extensions.telnet.TelnetConsole',
 'scrapy.extensions.logstats.LogStats']
2024-11-02 19:00:27 [scrapy.crawler] INFO: Overridden settings:
{'BOT_NAME': 'baseballhats',
 'FEED_EXPORT_ENCODING': 'utf-8',
 'LOG_FILE': 'hat_scraper.log',
 'LOG_LEVEL': 'INFO',
 'NEWSPIDER_MODULE': 'baseballhats.spiders',
 'REQUEST_FINGERPRINTER_IMPLEMENTATION': '2.7',
 'ROBOTSTXT_OBEY': True,
 'SPIDER_MODULES': ['baseballhats.spiders'],
 'TWISTED_REACTOR': 'twisted.internet.asyncioreactor.AsyncioSelectorReactor'}
2024-11-02 19:00:27 [scrapy.middleware] INFO: Enabled downloader middlewares:
['scrapy.downloadermiddlewares.offsite.OffsiteMiddleware',
 'scrapy.downloadermiddlewares.robotstxt.RobotsTxtMiddleware',
 'scrapy.downloadermiddlewares.httpauth.HttpAuthMiddleware',
 'scrapy.downloadermiddlewares.downloadtimeout.DownloadTimeoutMiddleware',
 'scrapy.downloadermiddlewares.defaultheaders.DefaultHeadersMiddleware',
 'scrapy.downloadermiddlewares.useragent.UserAgentMiddleware',
 'scrapy.downloadermiddlewares.retry.RetryMiddleware',
 'scrapy.downloadermiddlewares.redirect.MetaRefreshMiddleware',
 'scrapy.downloadermiddlewares.httpcompression.HttpCompressionMiddleware',
 'scrapy.downloadermiddlewares.redirect.RedirectMiddleware',
 'scrapy.downloadermiddlewares.cookies.CookiesMiddleware',
 'scrapy.downloadermiddlewares.httpproxy.HttpProxyMiddleware',
 'scrapy.downloadermiddlewares.stats.DownloaderStats']
2024-11-02 19:00:27 [scrapy.middleware] INFO: Enabled spider middlewares:
['scrapy.spidermiddlewares.httperror.HttpErrorMiddleware',
 'scrapy.spidermiddlewares.referer.RefererMiddleware',
 'scrapy.spidermiddlewares.urllength.UrlLengthMiddleware',
 'scrapy.spidermiddlewares.depth.DepthMiddleware']
2024-11-02 19:00:27 [scrapy.middleware] INFO: Enabled item pipelines:
['baseballhats.pipelines.BaseballhatsPipeline']
2024-11-02 19:00:27 [scrapy.core.engine] INFO: Spider opened
2024-11-02 19:00:27 [scrapy.extensions.logstats] INFO: Crawled 0 pages (at 0 pages/min), scraped 0 items (at 0 items/min)
2024-11-02 19:00:27 [scrapy.extensions.telnet] INFO: Telnet console listening on 127.0.0.1:6023
2024-11-02 19:00:45 [hat] INFO: Navigating to next page with URL https://www.mlbshop.com/new-york-mets/men-caps/t-36993297+ga-90+d-7850114425+z-9-2740874255?pageNumber=2&pageSize=72&sortOption=TopSellers
2024-11-02 19:00:55 [hat] INFO: Navigating to next page with URL https://www.mlbshop.com/new-york-mets/men-caps/t-36993297+ga-90+d-7850114425+z-9-2740874255?pageNumber=3&pageSize=72&sortOption=TopSellers
2024-11-02 19:01:06 [hat] INFO: Navigating to next page with URL https://www.mlbshop.com/new-york-mets/men-caps/t-36993297+ga-90+d-7850114425+z-9-2740874255?pageNumber=4&pageSize=72&sortOption=TopSellers
2024-11-02 19:01:16 [hat] INFO: Navigating to next page with URL https://www.mlbshop.com/new-york-mets/men-caps/t-36993297+ga-90+d-7850114425+z-9-2740874255?pageNumber=5&pageSize=72&sortOption=TopSellers
2024-11-02 19:01:26 [scrapy.core.engine] INFO: Closing spider (finished)
2024-11-02 19:01:26 [scrapy.statscollectors] INFO: Dumping Scrapy stats:
{'downloader/request_bytes': 17170,
 'downloader/request_count': 6,
 'downloader/request_method_count/GET': 6,
 'downloader/response_bytes': 422892,
 'downloader/response_count': 6,
 'downloader/response_status_count/200': 6,
 'elapsed_time_seconds': 59.25286,
 'finish_reason': 'finished',
 'finish_time': datetime.datetime(2024, 11, 2, 23, 1, 26, 638937, tzinfo=datetime.timezone.utc),
 'httpcompression/response_bytes': 3348669,
 'httpcompression/response_count': 6,
 'item_scraped_count': 310,
 'log_count/INFO': 14,
 'request_depth_max': 4,
 'response_received_count': 6,
 'robotstxt/request_count': 1,
 'robotstxt/response_count': 1,
 'robotstxt/response_status_count/200': 1,
 'scheduler/dequeued': 5,
 'scheduler/dequeued/memory': 5,
 'scheduler/enqueued': 5,
 'scheduler/enqueued/memory': 5,
 'start_time': datetime.datetime(2024, 11, 2, 23, 0, 27, 386077, tzinfo=datetime.timezone.utc)}
2024-11-02 19:01:26 [scrapy.core.engine] INFO: Spider closed (finished)
